<?xml version="1.0" encoding="UTF-8"?>
<testng-results skipped="0" failed="0" ignored="0" total="1" passed="1">
  <reporter-output>
  </reporter-output>
  <suite name="Suite" duration-ms="48" started-at="2018-05-19T03:34:36Z" finished-at="2018-05-19T03:34:36Z">
    <groups>
    </groups>
    <test name="Test" duration-ms="48" started-at="2018-05-19T03:34:36Z" finished-at="2018-05-19T03:34:36Z">
      <class name="InvokedMethodListener.InvokedMethodListenerExample">
        <test-method status="PASS" signature="beforeSuite()[pri:0, instance:InvokedMethodListener.InvokedMethodListenerExample@7c0e2abd]" name="beforeSuite" is-config="true" duration-ms="20" started-at="2018-05-19T09:04:36Z" finished-at="2018-05-19T09:04:36Z">
          <reporter-output>
          </reporter-output>
        </test-method> <!-- beforeSuite -->
        <test-method status="PASS" signature="t1()[pri:0, instance:InvokedMethodListener.InvokedMethodListenerExample@7c0e2abd]" name="t1" duration-ms="13" started-at="2018-05-19T09:04:36Z" finished-at="2018-05-19T09:04:36Z">
          <reporter-output>
          </reporter-output>
        </test-method> <!-- t1 -->
        <test-method status="PASS" signature="afterSuite()[pri:0, instance:InvokedMethodListener.InvokedMethodListenerExample@7c0e2abd]" name="afterSuite" is-config="true" duration-ms="1" started-at="2018-05-19T09:04:36Z" finished-at="2018-05-19T09:04:36Z">
          <reporter-output>
          </reporter-output>
        </test-method> <!-- afterSuite -->
      </class> <!-- InvokedMethodListener.InvokedMethodListenerExample -->
    </test> <!-- Test -->
  </suite> <!-- Suite -->
</testng-results>
