<?xml version="1.0" encoding="UTF-8"?>
<!-- Generated by org.testng.reporters.JUnitXMLReporter -->
<testsuite hostname="W1115180FY5NM" ignored="0" tests="3" failures="1" timestamp="19 May 2018 06:27:08 GMT" time="0.126" errors="0">
  <testcase name="testTwo" time="0.025" classname="SampleTest">
    <failure type="java.lang.AssertionError" message="expected [false] but found [true]">
      <![CDATA[java.lang.AssertionError: expected [false] but found [true]
	at SampleTest.testTwo(SampleTest.java:14)
... Removed 29 stack frames]]>
    </failure>
  </testcase> <!-- testTwo -->
  <testcase name="testOne" time="0.002" classname="SampleTest"/>
  <testcase name="testThree" time="0.0" classname="SampleTest">
    <skipped/>
  </testcase> <!-- testThree -->
</testsuite>
