<?xml version="1.0" encoding="UTF-8"?>
<!-- Generated by org.testng.reporters.JUnitXMLReporter -->
<testsuite hostname="W1115180FY5NM" ignored="0" name="Test2" tests="5" failures="0" timestamp="16 May 2018 17:40:09 GMT" time="0.061" errors="0">
  <testcase name="classTwoTest" time="0.002" classname="testngparalleltests.ParallelClassTwo"/>
  <testcase name="classOneTest" time="0.001" classname="testngparalleltests.ParallelClassOne"/>
  <testcase name="useData" time="0.004" classname="testngparalleltests.ParallelClassOne"/>
  <testcase name="useData" time="0.002" classname="testngparalleltests.ParallelClassOne"/>
  <testcase name="useData" time="0.002" classname="testngparalleltests.ParallelClassOne"/>
</testsuite> <!-- Test2 -->
